<?xml version="1.0" encoding="UTF-8"?>
<!-- Generated by org.testng.reporters.JUnitXMLReporter -->
<testsuite hostname="GFL-1795" ignored="0" name="AlertsTest" tests="3" failures="0" timestamp="2022-09-26T21:57:04 EEST" time="15.283" errors="0">
  <testcase name="testAcceptAlert" time="1.105" classname="alerts.AlertsTests"/>
  <testcase name="testGetTextFromAlert" time="1.788" classname="alerts.AlertsTests"/>
  <testcase name="testSetInputInAlert" time="1.044" classname="alerts.AlertsTests"/>
</testsuite> <!-- AlertsTest -->
