<?xml version="1.0" encoding="UTF-8"?>
<!-- Generated by org.testng.reporters.JUnitXMLReporter -->
<testsuite hostname="GFL-1795" ignored="0" name="AlertsTest" tests="3" failures="0" timestamp="2022-09-30T15:52:09 EEST" time="83.535" errors="0">
  <testcase name="testAcceptAlert" time="5.173" classname="alerts.AlertsTests"/>
  <testcase name="testGetTextFromAlert" time="5.374" classname="alerts.AlertsTests"/>
  <testcase name="testSetInputInAlert" time="4.152" classname="alerts.AlertsTests"/>
</testsuite> <!-- AlertsTest -->
