<?xml version="1.0" encoding="UTF-8"?>
<testsuite xmlns:xsi="http://www.w3.org/2001/XMLSchema-instance" xsi:noNamespaceSchemaLocation="https://maven.apache.org/surefire/maven-surefire-plugin/xsd/surefire-test-report-3.0.xsd" version="3.0" name="TestSuite" time="185.417" tests="16" errors="0" skipped="0" failures="0">
  <properties>
[...]
</properties>
  <testcase name="testRightClick" classname="contextMenu.ContextMenuTests" time="0.109">
    <system-out><![CDATA[Clicking on File Upload
Clicking on Dynamic Loading
Clicking on Horizontal Slider
Clicking on WYSIWYG Editor
Clicking on Example 2: Element rendered after the fact
Clicking on Dynamic Loading
Clicking on Infinite Scroll
Clicking on Frames
Clicking on Start
Clicking on JavaScript Alerts
Clicking on Context Menu
Clicking on Example 1: Element on page that is hidden
Clicking on Nested Frames
Clicking on Click for JS Alert
]]></system-out>
    <system-err><![CDATA[Starting ChromeDriver 105.0.5195.52 (412c95e518836d8a7d97250d62b29c2ae6a26a85-refs/branch-heads/5195@{#853}) on port 43712
Only local connections are allowed.
Please see https://chromedriver.chromium.org/security-considerations for suggestions on keeping ChromeDriver safe.
Starting ChromeDriver 105.0.5195.52 (412c95e518836d8a7d97250d62b29c2ae6a26a85-refs/branch-heads/5195@{#853}) on port 26096
Only local connections are allowed.
Please see https://chromedriver.chromium.org/security-considerations for suggestions on keeping ChromeDriver safe.
Starting ChromeDriver 105.0.5195.52 (412c95e518836d8a7d97250d62b29c2ae6a26a85-refs/branch-heads/5195@{#853}) on port 5677
Only local connections are allowed.
Please see https://chromedriver.chromium.org/security-considerations for suggestions on keeping ChromeDriver safe.
Starting ChromeDriver 105.0.5195.52 (412c95e518836d8a7d97250d62b29c2ae6a26a85-refs/branch-heads/5195@{#853}) on port 20911
Only local connections are allowed.
Please see https://chromedriver.chromium.org/security-considerations for suggestions on keeping ChromeDriver safe.
ChromeDriver was started successfully.
Starting ChromeDriver 105.0.5195.52 (412c95e518836d8a7d97250d62b29c2ae6a26a85-refs/branch-heads/5195@{#853}) on port 41344
Only local connections are allowed.
Please see https://chromedriver.chromium.org/security-considerations for suggestions on keeping ChromeDriver safe.
ChromeDriver was started successfully.
ChromeDriver was started successfully.
ChromeDriver was started successfully.ChromeDriver was started successfully.

Starting ChromeDriver 105.0.5195.52 (412c95e518836d8a7d97250d62b29c2ae6a26a85-refs/branch-heads/5195@{#853}) on port 44854
Only local connections are allowed.
Please see https://chromedriver.chromium.org/security-considerations for suggestions on keeping ChromeDriver safe.
ChromeDriver was started successfully.
Starting ChromeDriver 105.0.5195.52 (412c95e518836d8a7d97250d62b29c2ae6a26a85-refs/branch-heads/5195@{#853}) on port 40979
Only local connections are allowed.
Please see https://chromedriver.chromium.org/security-considerations for suggestions on keeping ChromeDriver safe.
ChromeDriver was started successfully.
Starting ChromeDriver 105.0.5195.52 (412c95e518836d8a7d97250d62b29c2ae6a26a85-refs/branch-heads/5195@{#853}) on port 24561
Only local connections are allowed.
Please see https://chromedriver.chromium.org/security-considerations for suggestions on keeping ChromeDriver safe.
Starting ChromeDriver 105.0.5195.52 (412c95e518836d8a7d97250d62b29c2ae6a26a85-refs/branch-heads/5195@{#853}) on port 20023
Only local connections are allowed.
Please see https://chromedriver.chromium.org/security-considerations for suggestions on keeping ChromeDriver safe.
ChromeDriver was started successfully.
ChromeDriver was started successfully.
Starting ChromeDriver 105.0.5195.52 (412c95e518836d8a7d97250d62b29c2ae6a26a85-refs/branch-heads/5195@{#853}) on port 31637
Only local connections are allowed.
Please see https://chromedriver.chromium.org/security-considerations for suggestions on keeping ChromeDriver safe.
ChromeDriver was started successfully.
Starting ChromeDriver 105.0.5195.52 (412c95e518836d8a7d97250d62b29c2ae6a26a85-refs/branch-heads/5195@{#853}) on port 17870
Only local connections are allowed.
Please see https://chromedriver.chromium.org/security-considerations for suggestions on keeping ChromeDriver safe.
ChromeDriver was started successfully.
Sep 30, 2022 3:51:11 PM org.openqa.selenium.remote.ProtocolHandshake createSession
INFO: Detected dialect: W3C
Sep 30, 2022 3:51:14 PM org.openqa.selenium.remote.ProtocolHandshake createSession
INFO: Detected dialect: W3C
Sep 30, 2022 3:51:17 PM org.openqa.selenium.remote.ProtocolHandshake createSession
INFO: Detected dialect: W3C
Sep 30, 2022 3:51:18 PM org.openqa.selenium.remote.ProtocolHandshake createSession
INFO: Detected dialect: W3C
Sep 30, 2022 3:51:18 PM org.openqa.selenium.remote.ProtocolHandshake createSession
INFO: Detected dialect: W3C
Sep 30, 2022 3:51:18 PM org.openqa.selenium.remote.ProtocolHandshake createSession
INFO: Detected dialect: W3C
Sep 30, 2022 3:51:19 PM org.openqa.selenium.remote.ProtocolHandshake createSession
INFO: Detected dialect: W3C
Sep 30, 2022 3:51:19 PM org.openqa.selenium.remote.ProtocolHandshake createSession
INFO: Detected dialect: W3C
Sep 30, 2022 3:51:23 PM org.openqa.selenium.remote.ProtocolHandshake createSession
INFO: Detected dialect: W3C
]]></system-err>
  </testcase>
  <testcase name="testAcceptAlert" classname="alerts.AlertsTests" time="0.199">
    <system-out><![CDATA[Clicking on Start
]]></system-out>
  </testcase>
  <testcase name="testGetTextFromAlert" classname="alerts.AlertsTests" time="5.268"/>
  <testcase name="testSetInputInAlert" classname="alerts.AlertsTests" time="4.884">
    <system-out><![CDATA[Clicking on JavaScript Alerts
Clicking on Click for JS Prompt
]]></system-out>
  </testcase>
  <testcase name="testSlider" classname="slider.HorizontalSliderTests" time="0.199"/>
  <testcase name="testScrollToFifthParagraphs" classname="javaScript.JavaScriptTests" time="0.199"/>
  <testcase name="testScrollToTable" classname="javaScript.JavaScriptTests" time="5.216">
    <system-out><![CDATA[Clicking on Large & Deep DOM
Clicking on JavaScript Alerts
Clicking on 
Clicking on Click for JS Confirm
]]></system-out>
    <system-err><![CDATA[Sep 30, 2022 3:51:50 PM org.openqa.selenium.remote.ProtocolHandshake createSession
INFO: Detected dialect: W3C
]]></system-err>
  </testcase>
  <testcase name="testWaitUntilVisible" classname="wait.WaitTests2" time="0.225">
    <system-err><![CDATA[Sep 30, 2022 3:51:48 PM org.openqa.selenium.remote.ProtocolHandshake createSession
INFO: Detected dialect: W3C
]]></system-err>
  </testcase>
  <testcase name="testFrameText" classname="frames.FramesTests" time="5.327"/>
  <testcase name="testWaitUntilVisible" classname="wait.WaitTests" time="5.362"/>
  <testcase name="testBackSpace" classname="keys.KeysTests" time="1.065">
    <system-out><![CDATA[Clicking on Frames
Clicking on Key Presses
Clicking on Nested Frames
]]></system-out>
  </testcase>
  <testcase name="testPi" classname="keys.KeysTests" time="1.523">
    <system-out><![CDATA[Clicking on Key Presses
]]></system-out>
  </testcase>
  <testcase name="testNavigator" classname="navigation.NavigationTests" time="7.251"/>
  <testcase name="testSwitchTab" classname="navigation.NavigationTests" time="1.311">
    <system-out><![CDATA[Clicking on Multiple Windows
Clicking on Click Here
Number of tabs: 2
Window handles:
CDwindow-5CEC1CEB9AD34F4C7E19ABCA2E2B155F
CDwindow-B4F0F075630972B15BE0E5C0D15BE149
Switching to window: CDwindow-5CEC1CEB9AD34F4C7E19ABCA2E2B155F
Current window title: The Internet
Switching to window: CDwindow-B4F0F075630972B15BE0E5C0D15BE149
Current window title: New Window
]]></system-out>
  </testcase>
  <testcase name="testFileUpload" classname="uploads.FileUploadTests" time="31.072"/>
  <testcase name="testWysiwyg" classname="frame.FrameTests" time="93.7">
    <system-out><![CDATA[Clicking on 
]]></system-out>
  </testcase>
</testsuite>