<?xml version="1.0" encoding="UTF-8"?>
<testng-results skipped="0" failed="0" ignored="0" total="6" passed="6">
  <reporter-output>
  </reporter-output>
  <suite name="QaTest" duration-ms="57963" started-at="2022-09-26T21:56:06 EEST" finished-at="2022-09-26T21:57:04 EEST">
    <groups>
    </groups>
    <test name="KeysTests" duration-ms="24008" started-at="2022-09-26T21:56:06 EEST" finished-at="2022-09-26T21:56:30 EEST">
      <class name="keys.KeysTests">
        <test-method status="PASS" signature="setUp()[pri:0, instance:keys.KeysTests@3d921e20]" name="setUp" is-config="true" duration-ms="12969" started-at="2022-09-26T21:56:06 EEST" finished-at="2022-09-26T21:56:19 EEST">
          <reporter-output>
          </reporter-output>
        </test-method> <!-- setUp -->
        <test-method status="PASS" signature="goHome()[pri:0, instance:keys.KeysTests@3d921e20]" name="goHome" is-config="true" duration-ms="477" started-at="2022-09-26T21:56:19 EEST" finished-at="2022-09-26T21:56:19 EEST">
          <reporter-output>
          </reporter-output>
        </test-method> <!-- goHome -->
        <test-method status="PASS" signature="testBackSpace()[pri:0, instance:keys.KeysTests@3d921e20]" name="testBackSpace" duration-ms="2499" started-at="2022-09-26T21:56:19 EEST" finished-at="2022-09-26T21:56:22 EEST">
          <reporter-output>
          </reporter-output>
        </test-method> <!-- testBackSpace -->
        <test-method status="PASS" signature="goHome()[pri:0, instance:keys.KeysTests@3d921e20]" name="goHome" is-config="true" duration-ms="1207" started-at="2022-09-26T21:56:22 EEST" finished-at="2022-09-26T21:56:23 EEST">
          <reporter-output>
          </reporter-output>
        </test-method> <!-- goHome -->
        <test-method status="PASS" signature="testPi()[pri:0, instance:keys.KeysTests@3d921e20]" name="testPi" duration-ms="1336" started-at="2022-09-26T21:56:23 EEST" finished-at="2022-09-26T21:56:24 EEST">
          <reporter-output>
          </reporter-output>
        </test-method> <!-- testPi -->
        <test-method status="PASS" signature="tearDown()[pri:0, instance:keys.KeysTests@3d921e20]" name="tearDown" is-config="true" duration-ms="5385" started-at="2022-09-26T21:56:24 EEST" finished-at="2022-09-26T21:56:30 EEST">
          <reporter-output>
          </reporter-output>
        </test-method> <!-- tearDown -->
      </class> <!-- keys.KeysTests -->
    </test> <!-- KeysTests -->
    <test name="HorizontalTests" duration-ms="18497" started-at="2022-09-26T21:56:30 EEST" finished-at="2022-09-26T21:56:48 EEST">
      <class name="slider.HorizontalSliderTests">
        <test-method status="PASS" signature="setUp()[pri:0, instance:slider.HorizontalSliderTests@3aeaafa6]" name="setUp" is-config="true" duration-ms="9634" started-at="2022-09-26T21:56:30 EEST" finished-at="2022-09-26T21:56:40 EEST">
          <reporter-output>
          </reporter-output>
        </test-method> <!-- setUp -->
        <test-method status="PASS" signature="goHome()[pri:0, instance:slider.HorizontalSliderTests@3aeaafa6]" name="goHome" is-config="true" duration-ms="2038" started-at="2022-09-26T21:56:40 EEST" finished-at="2022-09-26T21:56:42 EEST">
          <reporter-output>
          </reporter-output>
        </test-method> <!-- goHome -->
        <test-method status="PASS" signature="testSlider()[pri:0, instance:slider.HorizontalSliderTests@3aeaafa6]" name="testSlider" duration-ms="2205" started-at="2022-09-26T21:56:42 EEST" finished-at="2022-09-26T21:56:44 EEST">
          <reporter-output>
          </reporter-output>
        </test-method> <!-- testSlider -->
        <test-method status="PASS" signature="tearDown()[pri:0, instance:slider.HorizontalSliderTests@3aeaafa6]" name="tearDown" is-config="true" duration-ms="4617" started-at="2022-09-26T21:56:44 EEST" finished-at="2022-09-26T21:56:48 EEST">
          <reporter-output>
          </reporter-output>
        </test-method> <!-- tearDown -->
      </class> <!-- slider.HorizontalSliderTests -->
    </test> <!-- HorizontalTests -->
    <test name="AlertsTest" duration-ms="15283" started-at="2022-09-26T21:56:48 EEST" finished-at="2022-09-26T21:57:04 EEST">
      <class name="alerts.AlertsTests">
        <test-method status="PASS" signature="setUp()[pri:0, instance:alerts.AlertsTests@87f383f]" name="setUp" is-config="true" duration-ms="8756" started-at="2022-09-26T21:56:48 EEST" finished-at="2022-09-26T21:56:57 EEST">
          <reporter-output>
          </reporter-output>
        </test-method> <!-- setUp -->
        <test-method status="PASS" signature="goHome()[pri:0, instance:alerts.AlertsTests@87f383f]" name="goHome" is-config="true" duration-ms="411" started-at="2022-09-26T21:56:57 EEST" finished-at="2022-09-26T21:56:58 EEST">
          <reporter-output>
          </reporter-output>
        </test-method> <!-- goHome -->
        <test-method status="PASS" signature="testAcceptAlert()[pri:0, instance:alerts.AlertsTests@87f383f]" name="testAcceptAlert" duration-ms="1105" started-at="2022-09-26T21:56:58 EEST" finished-at="2022-09-26T21:56:59 EEST">
          <reporter-output>
          </reporter-output>
        </test-method> <!-- testAcceptAlert -->
        <test-method status="PASS" signature="goHome()[pri:0, instance:alerts.AlertsTests@87f383f]" name="goHome" is-config="true" duration-ms="436" started-at="2022-09-26T21:56:59 EEST" finished-at="2022-09-26T21:56:59 EEST">
          <reporter-output>
          </reporter-output>
        </test-method> <!-- goHome -->
        <test-method status="PASS" signature="testGetTextFromAlert()[pri:0, instance:alerts.AlertsTests@87f383f]" name="testGetTextFromAlert" duration-ms="1788" started-at="2022-09-26T21:56:59 EEST" finished-at="2022-09-26T21:57:01 EEST">
          <reporter-output>
          </reporter-output>
        </test-method> <!-- testGetTextFromAlert -->
        <test-method status="PASS" signature="goHome()[pri:0, instance:alerts.AlertsTests@87f383f]" name="goHome" is-config="true" duration-ms="674" started-at="2022-09-26T21:57:01 EEST" finished-at="2022-09-26T21:57:02 EEST">
          <reporter-output>
          </reporter-output>
        </test-method> <!-- goHome -->
        <test-method status="PASS" signature="testSetInputInAlert()[pri:0, instance:alerts.AlertsTests@87f383f]" name="testSetInputInAlert" duration-ms="1044" started-at="2022-09-26T21:57:02 EEST" finished-at="2022-09-26T21:57:03 EEST">
          <reporter-output>
          </reporter-output>
        </test-method> <!-- testSetInputInAlert -->
        <test-method status="PASS" signature="tearDown()[pri:0, instance:alerts.AlertsTests@87f383f]" name="tearDown" is-config="true" duration-ms="1060" started-at="2022-09-26T21:57:03 EEST" finished-at="2022-09-26T21:57:04 EEST">
          <reporter-output>
          </reporter-output>
        </test-method> <!-- tearDown -->
      </class> <!-- alerts.AlertsTests -->
    </test> <!-- AlertsTest -->
  </suite> <!-- QaTest -->
</testng-results>
